<?xml version="1.0" encoding="UTF-8"?>
<testsuite time="45.913" failures="0" tests="1" name="tests" >
  <testcase time="45.895" classname="tests" name="AddNewCB.ta" />
</testsuite>